Operating system: Microsoft Windows NT 6.1.7600.0
Opening INI file "A:\SonicGreenSnake\zsonlvl\S1LVL.ini"...
Game type is S1.
Loading Labyrinth Zone Act 4...
Loading 8x8 tiles from file "../artnem/8x8lz.bin", using compression Nemesis...
Loading 16x16 blocks from file "../map16/LZ.bin", using compression Enigma...
Loading 128x128 chunks from file "../map256/LZ.bin", using compression Kosinski...
Loading layout from file "../levels/sbz3.bin", using compression Uncompressed...
Loading palette file "../pallet/sonic.bin"...
Source: 0 Destination: 0 Length: 16
Loading palette file "../pallet/lz.bin"...
Source: 0 Destination: 16 Length: 48
Loading object definition file "obj.ini".
Loading object definition file "obj128.ini".
Loading object definition file "objLZ.ini".
Loading ObjectDefinition type S12005ObjectDefinitions.Common.Ring from "Common\Ring.cs"...
Loading type from cached assembly "dllcache\S12005ObjectDefinitions.Common.Ring.dll"...
Loading ObjectDefinition type S12005ObjectDefinitions.Common.InvisibleBlock from "Common\InvisibleBlock.cs"...
Loading type from cached assembly "dllcache\S12005ObjectDefinitions.Common.InvisibleBlock.dll"...
Loading ObjectDefinition type S12005ObjectDefinitions.Common.PathSwapper from "Common\PathSwapper.cs"...
Loading type from cached assembly "dllcache\S12005ObjectDefinitions.Common.PathSwapper.dll"...
Loading objects from file "../objpos/sbz3.bin", using compression Uncompressed...
Drawing block bitmaps...
Drawing chunk bitmaps...
Load completed.
Opening INI file "A:\SonicGreenSnake\zsonlvl\S1LVL.ini"...
Game type is S1.
Loading Labyrinth Zone Act 4...
Loading 8x8 tiles from file "../artnem/8x8lz.bin", using compression Nemesis...
Loading 16x16 blocks from file "../map16/LZ.bin", using compression Enigma...
Loading 128x128 chunks from file "../map256/LZ.bin", using compression Kosinski...
Loading layout from file "../levels/sbz3.bin", using compression Uncompressed...
Loading palette file "../pallet/sonic.bin"...
Source: 0 Destination: 0 Length: 16
Loading palette file "../pallet/lz.bin"...
Source: 0 Destination: 16 Length: 48
Loading object definition file "obj.ini".
Loading object definition file "obj128.ini".
Loading object definition file "objLZ.ini".
Loading ObjectDefinition type S12005ObjectDefinitions.Common.Ring from "Common\Ring.cs"...
Loading type from cached assembly "dllcache\S12005ObjectDefinitions.Common.Ring.dll"...
Loading ObjectDefinition type S12005ObjectDefinitions.Common.InvisibleBlock from "Common\InvisibleBlock.cs"...
Loading type from cached assembly "dllcache\S12005ObjectDefinitions.Common.InvisibleBlock.dll"...
Loading ObjectDefinition type S12005ObjectDefinitions.Common.PathSwapper from "Common\PathSwapper.cs"...
Loading type from cached assembly "dllcache\S12005ObjectDefinitions.Common.PathSwapper.dll"...
Loading objects from file "../objpos/sbz3.bin", using compression Uncompressed...
Drawing block bitmaps...
Drawing chunk bitmaps...
Load completed.
System.Collections.Generic.KeyNotFoundException: Määritettyä avainta ei löytynyt sanastosta.
   kohteessa System.ThrowHelper.ThrowKeyNotFoundException()
   kohteessa System.Collections.Generic.Dictionary`2.get_Item(TKey key)
   kohteessa SonicRetro.SonLVL.API.XMLObjectDefinition.get_Image() tiedostossa C:\Users\Mike\Documents\GitHub\sonlvl_git\SonLVLAPI\ObjectDefinition.cs:rivillä 909
   kohteessa SonicRetro.SonLVL.GUI.MainForm.backgroundLevelLoader_RunWorkerCompleted(Object sender, RunWorkerCompletedEventArgs e) tiedostossa C:\Users\Mike\Documents\GitHub\sonlvl_git\SonLVL\MainForm.cs:rivillä 505
