Operating system: Microsoft Windows NT 6.1.7601 Service Pack 1
Opening INI file "G:\hacks\current\Sonic music hack\SonLVL INI Files\SonLVL.ini"...
Game type is S1.
Loading Green Hill Zone Act 4...
Loading 8x8 tiles from file "../artnem/8x8 - GHZ1.bin", using compression Nemesis...
Loading 8x8 tiles from file "../artnem/8x8 - GHZ2.bin", using compression Nemesis...
Loading 16x16 blocks from file "../map16/GHZ.bin", using compression Enigma...
Loading 256x256 chunks from file "../map256/GHZ.bin", using compression Kosinski...
Loading FG layout from file "../levels/ghz4.bin", using compression Uncompressed...
Loading BG layout from file "../levels/ghzbg.bin", using compression Uncompressed...
Loading FG layout from file "../levels/ghz1.bin", using compression Uncompressed...
Loading FG layout from file "../levels/ghz2.bin", using compression Uncompressed...
Loading FG layout from file "../levels/ghz3.bin", using compression Uncompressed...
Loading palette file "../palette/Sonic.bin"...
Source: 0 Destination: 0 Length: 16
Loading palette file "../palette/Green Hill Zone.bin"...
Source: 0 Destination: 16 Length: 48
Loading object definition file "obj.ini".
Loading object definition file "objGHZ.ini".
Loading ObjectDefinition type S1ObjectDefinitions.Common.Ring from "Common\Ring.cs"...
Loading type from cached assembly "dllcache\S1ObjectDefinitions.Common.Ring.dll"...
System.BadImageFormatException: This assembly is built by a runtime newer than the currently loaded runtime and cannot be loaded. (Exception from HRESULT: 0x8013101B)
   at System.Reflection.Assembly.nLoadFile(String path, Evidence evidence)
   at System.Reflection.Assembly.LoadFile(String path)
   at SonicRetro.SonLVL.API.LevelData.InitObjectDefinitions() in G:\C#\sonLVL\SonLVLAPI\LevelData.cs:line 1175
   at SonicRetro.SonLVL.API.LevelData.LoadLevel(String levelname, Boolean loadGraphics) in G:\C#\sonLVL\SonLVLAPI\LevelData.cs:line 479
   at SonicRetro.SonLVL.GUI.MainForm.backgroundLevelLoader_DoWork(Object sender, DoWorkEventArgs e) in G:\C#\sonLVL\SonLVL\MainForm.cs:line 582
